<?xml version="1.0" encoding="UTF-8"?>
<testsuite name="mastermind.MastermindTests" tests="11" skipped="0" failures="0" errors="0" timestamp="2019-04-12T20:49:34" hostname="localhost.localdomain" time="0.016">
  <properties/>
  <testcase name="testOnlyWrongPositions" classname="mastermind.MastermindTests" time="0.011"/>
  <testcase name="testEqual" classname="mastermind.MastermindTests" time="0.0"/>
  <testcase name="testSwap" classname="mastermind.MastermindTests" time="0.001"/>
  <testcase name="testCourseraPosition" classname="mastermind.MastermindTests" time="0.0"/>
  <testcase name="testCoursera3Position" classname="mastermind.MastermindTests" time="0.001"/>
  <testcase name="testCoursera5Position" classname="mastermind.MastermindTests" time="0.0"/>
  <testcase name="testRightPositions" classname="mastermind.MastermindTests" time="0.001"/>
  <testcase name="testCoursera2Position" classname="mastermind.MastermindTests" time="0.0"/>
  <testcase name="testRightPosition" classname="mastermind.MastermindTests" time="0.0"/>
  <testcase name="testWrongPositions" classname="mastermind.MastermindTests" time="0.0"/>
  <testcase name="testCoursera4Position" classname="mastermind.MastermindTests" time="0.0"/>
  <system-out><![CDATA[rightPosition: 0 wrongPosition: 4
rightPosition: 4 wrongPosition: 0
rightPosition: 2 wrongPosition: 2
rightPosition: 1 wrongPosition: 1
rightPosition: 1 wrongPosition: 1
rightPosition: 0 wrongPosition: 2
rightPosition: 3 wrongPosition: 0
rightPosition: 3 wrongPosition: 0
rightPosition: 1 wrongPosition: 0
rightPosition: 0 wrongPosition: 3
rightPosition: 2 wrongPosition: 1
]]></system-out>
  <system-err><![CDATA[]]></system-err>
</testsuite>
