<?xml version="1.0" encoding="UTF-8"?>
<testsuite name="mastermind.MastermindTests" tests="9" skipped="0" failures="0" errors="0" timestamp="2019-04-07T17:24:18" hostname="localhost.localdomain" time="0.011">
  <properties/>
  <testcase name="testOnlyWrongPositions" classname="mastermind.MastermindTests" time="0.005"/>
  <testcase name="testEqual" classname="mastermind.MastermindTests" time="0.0"/>
  <testcase name="testSwap" classname="mastermind.MastermindTests" time="0.0"/>
  <testcase name="testCourseraPosition" classname="mastermind.MastermindTests" time="0.001"/>
  <testcase name="testCoursera3Position" classname="mastermind.MastermindTests" time="0.001"/>
  <testcase name="testRightPositions" classname="mastermind.MastermindTests" time="0.001"/>
  <testcase name="testCoursera2Position" classname="mastermind.MastermindTests" time="0.0"/>
  <testcase name="testRightPosition" classname="mastermind.MastermindTests" time="0.0"/>
  <testcase name="testWrongPositions" classname="mastermind.MastermindTests" time="0.001"/>
  <system-out><![CDATA[DCBA ABCD
A: 1 B: 1 C: 1 D: 1 E: 0 F: 0
A: 1 B: 1 C: 1 D: 1 E: 0 F: 0
rightPosition: 0 wrongPosition: 4
ABCD ABCD
A: 1 B: 1 C: 1 D: 1 E: 0 F: 0
A: 1 B: 1 C: 1 D: 1 E: 0 F: 0
rightPosition: 4 wrongPosition: 0
ABCD ABDC
A: 1 B: 1 C: 1 D: 1 E: 0 F: 0
A: 1 B: 1 C: 1 D: 1 E: 0 F: 0
rightPosition: 2 wrongPosition: 2
ACEB BCDF
A: 1 B: 1 C: 1 D: 0 E: 1 F: 0
A: 0 B: 1 C: 1 D: 1 E: 0 F: 1
guess ends with F
rightPosition: 1 wrongPosition: 1
FBAE ABCD
A: 1 B: 1 C: 0 D: 0 E: 1 F: 1
A: 1 B: 1 C: 1 D: 1 E: 0 F: 0
secret starts with F
rightPosition: 1 wrongPosition: 1
ABCD ABCF
A: 1 B: 1 C: 1 D: 1 E: 0 F: 0
A: 1 B: 1 C: 1 D: 0 E: 0 F: 1
guess ends with F
rightPosition: 3 wrongPosition: 0
FBAE CBAE
A: 1 B: 1 C: 0 D: 0 E: 1 F: 1
A: 1 B: 1 C: 1 D: 0 E: 1 F: 0
secret starts with F
rightPosition: 3 wrongPosition: 0
AABC ADFE
A: 2 B: 1 C: 1 D: 0 E: 0 F: 0
A: 1 B: 0 C: 0 D: 1 E: 1 F: 1
rightPosition: 1 wrongPosition: 0
DAEF FECA
A: 1 B: 0 C: 0 D: 1 E: 1 F: 1
A: 1 B: 0 C: 1 D: 0 E: 1 F: 1
secret ends with F
rightPosition: 0 wrongPosition: 3
]]></system-out>
  <system-err><![CDATA[]]></system-err>
</testsuite>
